<?xml version="1.0" encoding="UTF-8"?>
<!-- Generated by org.testng.reporters.JUnitReportReporter -->
<testsuite hostname="Planon-BTWBGG3" failures="0" tests="1" name="com.abcbanking.testCases.LoginPageInvalidUser" time="17.905" errors="0" timestamp="2022-01-14T18:45:21 IST" skipped="0">
  <testcase classname="com.abcbanking.testCases.LoginPageInvalidUser" name="invalidUserLogin" time="17.905"/>
  <system-out/>
</testsuite> <!-- com.abcbanking.testCases.LoginPageInvalidUser -->
