<?xml version="1.0" encoding="UTF-8"?>
<!-- Generated by org.testng.reporters.JUnitReportReporter -->
<testsuite hostname="Planon-BTWBGG3" failures="0" tests="1" name="com.abcbanking.testCases.LoginPageTest" time="7.044" errors="0" timestamp="2022-01-10T14:18:25 IST" skipped="0">
  <testcase classname="com.abcbanking.testCases.LoginPageTest" name="loginTest" time="7.044"/>
  <system-out/>
</testsuite> <!-- com.abcbanking.testCases.LoginPageTest -->
